[2021-11-01 02:35:10] local.INFO: Created from middleware- by SYSTEM {"id":48913,"name":""} 
[2021-11-01 02:35:10] local.INFO: Created from middleware- by SYSTEM {"id":48914,"name":""} 
[2021-11-01 02:35:10] local.INFO: Created from middleware- by SYSTEM {"id":48915,"name":""} 
[2021-11-01 02:35:10] local.INFO: Created from middleware- by SYSTEM {"id":48916,"name":""} 
[2021-11-01 02:35:10] local.INFO: Created from middleware- by SYSTEM {"id":48917,"name":""} 
[2021-11-01 02:35:10] local.INFO: Created from middleware- by SYSTEM {"id":48918,"name":""} 
[2021-11-01 02:35:10] local.INFO: Created from middleware- by SYSTEM {"id":48919,"name":""} 
[2021-11-01 02:35:10] local.INFO: Created from middleware- by SYSTEM {"id":48920,"name":""} 
[2021-11-01 02:35:10] local.INFO: Created from middleware- by SYSTEM {"id":48921,"name":""} 
[2021-11-01 02:35:10] local.INFO: Created from middleware- by SYSTEM {"id":48922,"name":""} 
[2021-11-01 02:35:10] local.INFO: Created from middleware- by SYSTEM {"id":48923,"name":""} 
[2021-11-01 02:35:10] local.INFO: Created from middleware- by SYSTEM {"id":48924,"name":""} 
[2021-11-01 02:35:10] local.INFO: Created from middleware- by SYSTEM {"id":48925,"name":""} 
[2021-11-01 02:35:10] local.INFO: Created from middleware- by SYSTEM {"id":48926,"name":""} 
[2021-11-01 02:35:10] local.INFO: Created from middleware- by SYSTEM {"id":48927,"name":""} 
[2021-11-01 02:35:10] local.INFO: Created from middleware- by SYSTEM {"id":48928,"name":""} 
[2021-11-01 02:35:10] local.INFO: Created from middleware- by SYSTEM {"id":48929,"name":""} 
[2021-11-01 02:35:10] local.INFO: Created from middleware- by SYSTEM {"id":48930,"name":""} 
[2021-11-01 02:35:10] local.INFO: Created from middleware- by SYSTEM {"id":48931,"name":""} 
[2021-11-01 02:35:10] local.INFO: Created from middleware- by SYSTEM {"id":48932,"name":""} 
[2021-11-01 02:35:11] local.INFO: Created from middleware- by SYSTEM {"id":48933,"name":""} 
[2021-11-01 02:35:11] local.INFO: Created from middleware- by SYSTEM {"id":48934,"name":""} 
[2021-11-01 02:35:11] local.INFO: Created from middleware- by SYSTEM {"id":48935,"name":""} 
[2021-11-01 02:35:11] local.INFO: Created from middleware- by SYSTEM {"id":48936,"name":""} 
[2021-11-01 02:35:11] local.INFO: Created from middleware- by SYSTEM {"id":48937,"name":""} 
[2021-11-01 02:35:11] local.INFO: Created from middleware- by SYSTEM {"id":48938,"name":""} 
[2021-11-01 02:35:11] local.INFO: Created from middleware- by SYSTEM {"id":48939,"name":""} 
[2021-11-01 02:35:11] local.INFO: Created from middleware- by SYSTEM {"id":48940,"name":""} 
[2021-11-01 02:35:11] local.INFO: Updated from middleware when isRecordExist is less- by SYSTEM {"id":48913,"name":""} 
[2021-11-01 02:35:11] local.INFO: Updated from middleware when isRecordExist is less- by SYSTEM {"id":48914,"name":""} 
[2021-11-01 02:35:11] local.INFO: Updated from middleware when isRecordExist is less- by SYSTEM {"id":48915,"name":""} 
[2021-11-01 02:35:11] local.INFO: Updated from middleware when isRecordExist is less- by SYSTEM {"id":48916,"name":""} 
[2021-11-01 02:35:11] local.INFO: Updated from middleware when isRecordExist is less- by SYSTEM {"id":48917,"name":""} 
[2021-11-01 02:35:11] local.INFO: Updated from middleware when isRecordExist is less- by SYSTEM {"id":48918,"name":""} 
[2021-11-01 02:35:11] local.INFO: Updated from middleware when isRecordExist is less- by SYSTEM {"id":48919,"name":""} 
[2021-11-01 02:35:11] local.INFO: Updated from middleware when isRecordExist is less- by SYSTEM {"id":48920,"name":""} 
[2021-11-01 02:35:11] local.INFO: Updated from middleware when isRecordExist is less- by SYSTEM {"id":48921,"name":""} 
[2021-11-01 02:35:11] local.INFO: Updated from middleware when isRecordExist is less- by SYSTEM {"id":48922,"name":""} 
[2021-11-01 02:35:11] local.INFO: Updated from middleware when isRecordExist is less- by SYSTEM {"id":48923,"name":""} 
[2021-11-01 02:35:11] local.INFO: Updated from middleware when isRecordExist is less- by SYSTEM {"id":48924,"name":""} 
[2021-11-01 02:35:11] local.INFO: Updated from middleware when isRecordExist is less- by SYSTEM {"id":48925,"name":""} 
[2021-11-01 02:35:11] local.INFO: Updated from middleware when isRecordExist is less- by SYSTEM {"id":48926,"name":""} 
[2021-11-01 02:35:11] local.INFO: Updated from middleware when isRecordExist is less- by SYSTEM {"id":48927,"name":""} 
[2021-11-01 02:35:11] local.INFO: Updated from middleware when isRecordExist is less- by SYSTEM {"id":48928,"name":""} 
[2021-11-01 02:35:11] local.INFO: Updated from middleware when isRecordExist is less- by SYSTEM {"id":48929,"name":""} 
[2021-11-01 02:35:11] local.INFO: Updated from middleware when isRecordExist is less- by SYSTEM {"id":48930,"name":""} 
[2021-11-01 02:35:11] local.INFO: Updated from middleware when isRecordExist is less- by SYSTEM {"id":48931,"name":""} 
[2021-11-01 02:35:11] local.INFO: Updated from middleware when isRecordExist is less- by SYSTEM {"id":48932,"name":""} 
[2021-11-01 02:35:11] local.INFO: Updated from middleware when isRecordExist is less- by SYSTEM {"id":48933,"name":""} 
[2021-11-01 02:35:11] local.INFO: Updated from middleware when isRecordExist is less- by SYSTEM {"id":48934,"name":""} 
[2021-11-01 02:35:11] local.INFO: Updated from middleware when isRecordExist is less- by SYSTEM {"id":48935,"name":""} 
[2021-11-01 02:35:11] local.INFO: Updated from middleware when isRecordExist is less- by SYSTEM {"id":48936,"name":""} 
[2021-11-01 02:35:11] local.INFO: Updated from middleware when isRecordExist is less- by SYSTEM {"id":48937,"name":""} 
[2021-11-01 02:35:11] local.INFO: Updated from middleware when isRecordExist is less- by SYSTEM {"id":48938,"name":""} 
[2021-11-01 02:35:11] local.INFO: Updated from middleware when isRecordExist is less- by SYSTEM {"id":48939,"name":""} 
[2021-11-01 02:35:11] local.INFO: Updated from middleware when isRecordExist is less- by SYSTEM {"id":48940,"name":""} 
[2021-11-01 15:53:57] local.INFO: Updated from middleware when isRecordExist is less- by SYSTEM {"id":48913,"name":""} 
[2021-11-01 15:53:57] local.INFO: Updated from middleware when isRecordExist is less- by SYSTEM {"id":48914,"name":""} 
[2021-11-01 15:53:57] local.INFO: Updated from middleware when isRecordExist is less- by SYSTEM {"id":48915,"name":""} 
[2021-11-01 15:53:57] local.INFO: Updated from middleware when isRecordExist is less- by SYSTEM {"id":48916,"name":""} 
[2021-11-01 15:53:57] local.INFO: Updated from middleware when isRecordExist is less- by SYSTEM {"id":48917,"name":""} 
[2021-11-01 15:53:57] local.INFO: Updated from middleware when isRecordExist is less- by SYSTEM {"id":48918,"name":""} 
[2021-11-01 15:53:57] local.INFO: Updated from middleware when isRecordExist is less- by SYSTEM {"id":48919,"name":""} 
[2021-11-01 15:53:57] local.INFO: Updated from middleware when isRecordExist is less- by SYSTEM {"id":48920,"name":""} 
[2021-11-01 15:53:57] local.INFO: Updated from middleware when isRecordExist is less- by SYSTEM {"id":48921,"name":""} 
[2021-11-01 15:53:57] local.INFO: Updated from middleware when isRecordExist is less- by SYSTEM {"id":48922,"name":""} 
[2021-11-01 15:53:57] local.INFO: Updated from middleware when isRecordExist is less- by SYSTEM {"id":48923,"name":""} 
[2021-11-01 15:53:57] local.INFO: Updated from middleware when isRecordExist is less- by SYSTEM {"id":48924,"name":""} 
[2021-11-01 15:53:57] local.INFO: Updated from middleware when isRecordExist is less- by SYSTEM {"id":48925,"name":""} 
[2021-11-01 15:53:57] local.INFO: Updated from middleware when isRecordExist is less- by SYSTEM {"id":48926,"name":""} 
[2021-11-01 15:53:57] local.INFO: Updated from middleware when isRecordExist is less- by SYSTEM {"id":48927,"name":""} 
[2021-11-01 15:53:57] local.INFO: Updated from middleware when isRecordExist is less- by SYSTEM {"id":48928,"name":""} 
[2021-11-01 15:53:57] local.INFO: Updated from middleware when isRecordExist is less- by SYSTEM {"id":48929,"name":""} 
[2021-11-01 15:53:57] local.INFO: Updated from middleware when isRecordExist is less- by SYSTEM {"id":48930,"name":""} 
[2021-11-01 15:53:57] local.INFO: Updated from middleware when isRecordExist is less- by SYSTEM {"id":48931,"name":""} 
[2021-11-01 15:53:57] local.INFO: Updated from middleware when isRecordExist is less- by SYSTEM {"id":48932,"name":""} 
[2021-11-01 15:53:57] local.INFO: Updated from middleware when isRecordExist is less- by SYSTEM {"id":48933,"name":""} 
[2021-11-01 15:53:57] local.INFO: Updated from middleware when isRecordExist is less- by SYSTEM {"id":48934,"name":""} 
[2021-11-01 15:53:57] local.INFO: Updated from middleware when isRecordExist is less- by SYSTEM {"id":48935,"name":""} 
[2021-11-01 15:53:57] local.INFO: Updated from middleware when isRecordExist is less- by SYSTEM {"id":48936,"name":""} 
[2021-11-01 15:53:57] local.INFO: Updated from middleware when isRecordExist is less- by SYSTEM {"id":48937,"name":""} 
[2021-11-01 15:53:57] local.INFO: Updated from middleware when isRecordExist is less- by SYSTEM {"id":48938,"name":""} 
[2021-11-01 15:53:57] local.INFO: Updated from middleware when isRecordExist is less- by SYSTEM {"id":48939,"name":""} 
[2021-11-01 15:53:57] local.INFO: Updated from middleware when isRecordExist is less- by SYSTEM {"id":48940,"name":""} 
[2021-11-01 15:53:58] local.INFO: Updated from middleware when isRecordExist is less- by SYSTEM {"id":48913,"name":""} 
[2021-11-01 15:53:58] local.INFO: Updated from middleware when isRecordExist is less- by SYSTEM {"id":48914,"name":""} 
[2021-11-01 15:53:58] local.INFO: Updated from middleware when isRecordExist is less- by SYSTEM {"id":48915,"name":""} 
[2021-11-01 15:53:58] local.INFO: Updated from middleware when isRecordExist is less- by SYSTEM {"id":48916,"name":""} 
[2021-11-01 15:53:58] local.INFO: Updated from middleware when isRecordExist is less- by SYSTEM {"id":48917,"name":""} 
[2021-11-01 15:53:58] local.INFO: Updated from middleware when isRecordExist is less- by SYSTEM {"id":48918,"name":""} 
[2021-11-01 15:53:58] local.INFO: Updated from middleware when isRecordExist is less- by SYSTEM {"id":48919,"name":""} 
[2021-11-01 15:53:58] local.INFO: Updated from middleware when isRecordExist is less- by SYSTEM {"id":48920,"name":""} 
[2021-11-01 15:53:58] local.INFO: Updated from middleware when isRecordExist is less- by SYSTEM {"id":48921,"name":""} 
[2021-11-01 15:53:58] local.INFO: Updated from middleware when isRecordExist is less- by SYSTEM {"id":48922,"name":""} 
[2021-11-01 15:53:58] local.INFO: Updated from middleware when isRecordExist is less- by SYSTEM {"id":48923,"name":""} 
[2021-11-01 15:53:58] local.INFO: Updated from middleware when isRecordExist is less- by SYSTEM {"id":48924,"name":""} 
[2021-11-01 15:53:58] local.INFO: Updated from middleware when isRecordExist is less- by SYSTEM {"id":48925,"name":""} 
[2021-11-01 15:53:58] local.INFO: Updated from middleware when isRecordExist is less- by SYSTEM {"id":48926,"name":""} 
[2021-11-01 15:53:58] local.INFO: Updated from middleware when isRecordExist is less- by SYSTEM {"id":48927,"name":""} 
[2021-11-01 15:53:58] local.INFO: Updated from middleware when isRecordExist is less- by SYSTEM {"id":48928,"name":""} 
[2021-11-01 15:53:58] local.INFO: Updated from middleware when isRecordExist is less- by SYSTEM {"id":48929,"name":""} 
[2021-11-01 15:53:58] local.INFO: Updated from middleware when isRecordExist is less- by SYSTEM {"id":48930,"name":""} 
[2021-11-01 15:53:58] local.INFO: Updated from middleware when isRecordExist is less- by SYSTEM {"id":48931,"name":""} 
[2021-11-01 15:53:58] local.INFO: Updated from middleware when isRecordExist is less- by SYSTEM {"id":48932,"name":""} 
[2021-11-01 15:53:58] local.INFO: Updated from middleware when isRecordExist is less- by SYSTEM {"id":48933,"name":""} 
[2021-11-01 15:53:58] local.INFO: Updated from middleware when isRecordExist is less- by SYSTEM {"id":48934,"name":""} 
[2021-11-01 15:53:58] local.INFO: Updated from middleware when isRecordExist is less- by SYSTEM {"id":48935,"name":""} 
[2021-11-01 15:53:58] local.INFO: Updated from middleware when isRecordExist is less- by SYSTEM {"id":48936,"name":""} 
[2021-11-01 15:53:58] local.INFO: Updated from middleware when isRecordExist is less- by SYSTEM {"id":48937,"name":""} 
[2021-11-01 15:53:58] local.INFO: Updated from middleware when isRecordExist is less- by SYSTEM {"id":48938,"name":""} 
[2021-11-01 15:53:58] local.INFO: Updated from middleware when isRecordExist is less- by SYSTEM {"id":48939,"name":""} 
[2021-11-01 15:53:58] local.INFO: Updated from middleware when isRecordExist is less- by SYSTEM {"id":48940,"name":""} 
[2021-11-01 15:54:17] local.INFO: array (
  'user-email' => 'test@one.com',
  'date' => '2021-11-01',
  'time' => '03:54:17pm',
  'previous-url' => 'http://192.168.43.25:8000/login',
  'redirected-url' => 'http://192.168.43.25:8000/new-dashboard',
)  
[2021-11-01 15:54:19] local.INFO: Updated from middleware when isRecordExist is less- by Test One {"id":48913,"name":""} 
[2021-11-01 15:54:19] local.INFO: Updated from middleware when isRecordExist is less- by Test One {"id":48914,"name":""} 
[2021-11-01 15:54:19] local.INFO: Updated from middleware when isRecordExist is less- by Test One {"id":48915,"name":""} 
[2021-11-01 15:54:19] local.INFO: Updated from middleware when isRecordExist is less- by Test One {"id":48916,"name":""} 
[2021-11-01 15:54:19] local.INFO: Updated from middleware when isRecordExist is less- by Test One {"id":48917,"name":""} 
[2021-11-01 15:54:19] local.INFO: Updated from middleware when isRecordExist is less- by Test One {"id":48918,"name":""} 
[2021-11-01 15:54:19] local.INFO: Updated from middleware when isRecordExist is less- by Test One {"id":48919,"name":""} 
[2021-11-01 15:54:19] local.INFO: Updated from middleware when isRecordExist is less- by Test One {"id":48920,"name":""} 
[2021-11-01 15:54:19] local.INFO: Updated from middleware when isRecordExist is less- by Test One {"id":48921,"name":""} 
[2021-11-01 15:54:19] local.INFO: Updated from middleware when isRecordExist is less- by Test One {"id":48922,"name":""} 
[2021-11-01 15:54:19] local.INFO: Updated from middleware when isRecordExist is less- by Test One {"id":48923,"name":""} 
[2021-11-01 15:54:19] local.INFO: Updated from middleware when isRecordExist is less- by Test One {"id":48924,"name":""} 
[2021-11-01 15:54:19] local.INFO: Updated from middleware when isRecordExist is less- by Test One {"id":48925,"name":""} 
[2021-11-01 15:54:19] local.INFO: Updated from middleware when isRecordExist is less- by Test One {"id":48926,"name":""} 
[2021-11-01 15:54:19] local.INFO: Updated from middleware when isRecordExist is less- by Test One {"id":48927,"name":""} 
[2021-11-01 15:54:19] local.INFO: Updated from middleware when isRecordExist is less- by Test One {"id":48928,"name":""} 
[2021-11-01 15:54:19] local.INFO: Updated from middleware when isRecordExist is less- by Test One {"id":48929,"name":""} 
[2021-11-01 15:54:19] local.INFO: Updated from middleware when isRecordExist is less- by Test One {"id":48930,"name":""} 
[2021-11-01 15:54:19] local.INFO: Updated from middleware when isRecordExist is less- by Test One {"id":48931,"name":""} 
[2021-11-01 15:54:19] local.INFO: Updated from middleware when isRecordExist is less- by Test One {"id":48932,"name":""} 
[2021-11-01 15:54:19] local.INFO: Updated from middleware when isRecordExist is less- by Test One {"id":48933,"name":""} 
[2021-11-01 15:54:19] local.INFO: Updated from middleware when isRecordExist is less- by Test One {"id":48934,"name":""} 
[2021-11-01 15:54:19] local.INFO: Updated from middleware when isRecordExist is less- by Test One {"id":48935,"name":""} 
[2021-11-01 15:54:19] local.INFO: Updated from middleware when isRecordExist is less- by Test One {"id":48936,"name":""} 
[2021-11-01 15:54:19] local.INFO: Updated from middleware when isRecordExist is less- by Test One {"id":48937,"name":""} 
[2021-11-01 15:54:19] local.INFO: Updated from middleware when isRecordExist is less- by Test One {"id":48938,"name":""} 
[2021-11-01 15:54:19] local.INFO: Updated from middleware when isRecordExist is less- by Test One {"id":48939,"name":""} 
[2021-11-01 15:54:19] local.INFO: Updated from middleware when isRecordExist is less- by Test One {"id":48940,"name":""} 
[2021-11-01 15:54:20] local.INFO: Updated from middleware when isRecordExist is less- by Test One {"id":48913,"name":""} 
[2021-11-01 15:54:20] local.INFO: Updated from middleware when isRecordExist is less- by Test One {"id":48914,"name":""} 
[2021-11-01 15:54:20] local.INFO: Updated from middleware when isRecordExist is less- by Test One {"id":48915,"name":""} 
[2021-11-01 15:54:20] local.INFO: Updated from middleware when isRecordExist is less- by Test One {"id":48916,"name":""} 
[2021-11-01 15:54:20] local.INFO: Updated from middleware when isRecordExist is less- by Test One {"id":48917,"name":""} 
[2021-11-01 15:54:20] local.INFO: Updated from middleware when isRecordExist is less- by Test One {"id":48918,"name":""} 
[2021-11-01 15:54:20] local.INFO: Updated from middleware when isRecordExist is less- by Test One {"id":48919,"name":""} 
[2021-11-01 15:54:20] local.INFO: Updated from middleware when isRecordExist is less- by Test One {"id":48920,"name":""} 
[2021-11-01 15:54:20] local.INFO: Updated from middleware when isRecordExist is less- by Test One {"id":48921,"name":""} 
[2021-11-01 15:54:20] local.INFO: Updated from middleware when isRecordExist is less- by Test One {"id":48922,"name":""} 
[2021-11-01 15:54:20] local.INFO: Updated from middleware when isRecordExist is less- by Test One {"id":48923,"name":""} 
[2021-11-01 15:54:20] local.INFO: Updated from middleware when isRecordExist is less- by Test One {"id":48924,"name":""} 
[2021-11-01 15:54:20] local.INFO: Updated from middleware when isRecordExist is less- by Test One {"id":48925,"name":""} 
[2021-11-01 15:54:20] local.INFO: Updated from middleware when isRecordExist is less- by Test One {"id":48926,"name":""} 
[2021-11-01 15:54:20] local.INFO: Updated from middleware when isRecordExist is less- by Test One {"id":48927,"name":""} 
[2021-11-01 15:54:20] local.INFO: Updated from middleware when isRecordExist is less- by Test One {"id":48928,"name":""} 
[2021-11-01 15:54:20] local.INFO: Updated from middleware when isRecordExist is less- by Test One {"id":48929,"name":""} 
[2021-11-01 15:54:20] local.INFO: Updated from middleware when isRecordExist is less- by Test One {"id":48930,"name":""} 
[2021-11-01 15:54:20] local.INFO: Updated from middleware when isRecordExist is less- by Test One {"id":48931,"name":""} 
[2021-11-01 15:54:20] local.INFO: Updated from middleware when isRecordExist is less- by Test One {"id":48932,"name":""} 
[2021-11-01 15:54:20] local.INFO: Updated from middleware when isRecordExist is less- by Test One {"id":48933,"name":""} 
[2021-11-01 15:54:20] local.INFO: Updated from middleware when isRecordExist is less- by Test One {"id":48934,"name":""} 
[2021-11-01 15:54:20] local.INFO: Updated from middleware when isRecordExist is less- by Test One {"id":48935,"name":""} 
[2021-11-01 15:54:20] local.INFO: Updated from middleware when isRecordExist is less- by Test One {"id":48936,"name":""} 
[2021-11-01 15:54:20] local.INFO: Updated from middleware when isRecordExist is less- by Test One {"id":48937,"name":""} 
[2021-11-01 15:54:20] local.INFO: Updated from middleware when isRecordExist is less- by Test One {"id":48938,"name":""} 
[2021-11-01 15:54:20] local.INFO: Updated from middleware when isRecordExist is less- by Test One {"id":48939,"name":""} 
[2021-11-01 15:54:20] local.INFO: Updated from middleware when isRecordExist is less- by Test One {"id":48940,"name":""} 
[2021-11-01 15:54:52] local.INFO: Updated from middleware when isRecordExist is less- by Test One {"id":48913,"name":""} 
[2021-11-01 15:54:52] local.INFO: Updated from middleware when isRecordExist is less- by Test One {"id":48914,"name":""} 
[2021-11-01 15:54:52] local.INFO: Updated from middleware when isRecordExist is less- by Test One {"id":48915,"name":""} 
[2021-11-01 15:54:52] local.INFO: Updated from middleware when isRecordExist is less- by Test One {"id":48916,"name":""} 
[2021-11-01 15:54:52] local.INFO: Updated from middleware when isRecordExist is less- by Test One {"id":48917,"name":""} 
[2021-11-01 15:54:52] local.INFO: Updated from middleware when isRecordExist is less- by Test One {"id":48918,"name":""} 
[2021-11-01 15:54:52] local.INFO: Updated from middleware when isRecordExist is less- by Test One {"id":48919,"name":""} 
[2021-11-01 15:54:52] local.INFO: Updated from middleware when isRecordExist is less- by Test One {"id":48920,"name":""} 
[2021-11-01 15:54:52] local.INFO: Updated from middleware when isRecordExist is less- by Test One {"id":48921,"name":""} 
[2021-11-01 15:54:52] local.INFO: Updated from middleware when isRecordExist is less- by Test One {"id":48922,"name":""} 
[2021-11-01 15:54:52] local.INFO: Updated from middleware when isRecordExist is less- by Test One {"id":48923,"name":""} 
[2021-11-01 15:54:52] local.INFO: Updated from middleware when isRecordExist is less- by Test One {"id":48924,"name":""} 
[2021-11-01 15:54:52] local.INFO: Updated from middleware when isRecordExist is less- by Test One {"id":48925,"name":""} 
[2021-11-01 15:54:52] local.INFO: Updated from middleware when isRecordExist is less- by Test One {"id":48926,"name":""} 
[2021-11-01 15:54:52] local.INFO: Updated from middleware when isRecordExist is less- by Test One {"id":48927,"name":""} 
[2021-11-01 15:54:53] local.INFO: Updated from middleware when isRecordExist is less- by Test One {"id":48928,"name":""} 
[2021-11-01 15:54:53] local.INFO: Updated from middleware when isRecordExist is less- by Test One {"id":48929,"name":""} 
[2021-11-01 15:54:53] local.INFO: Updated from middleware when isRecordExist is less- by Test One {"id":48930,"name":""} 
[2021-11-01 15:54:53] local.INFO: Updated from middleware when isRecordExist is less- by Test One {"id":48931,"name":""} 
[2021-11-01 15:54:53] local.INFO: Updated from middleware when isRecordExist is less- by Test One {"id":48932,"name":""} 
[2021-11-01 15:54:53] local.INFO: Updated from middleware when isRecordExist is less- by Test One {"id":48933,"name":""} 
[2021-11-01 15:54:53] local.INFO: Updated from middleware when isRecordExist is less- by Test One {"id":48934,"name":""} 
[2021-11-01 15:54:53] local.INFO: Updated from middleware when isRecordExist is less- by Test One {"id":48935,"name":""} 
[2021-11-01 15:54:53] local.INFO: Updated from middleware when isRecordExist is less- by Test One {"id":48936,"name":""} 
[2021-11-01 15:54:53] local.INFO: Updated from middleware when isRecordExist is less- by Test One {"id":48937,"name":""} 
[2021-11-01 15:54:53] local.INFO: Updated from middleware when isRecordExist is less- by Test One {"id":48938,"name":""} 
[2021-11-01 15:54:53] local.INFO: Updated from middleware when isRecordExist is less- by Test One {"id":48939,"name":""} 
[2021-11-01 15:54:53] local.INFO: Updated from middleware when isRecordExist is less- by Test One {"id":48940,"name":""} 
[2021-11-01 15:55:09] local.INFO: Updated from middleware when isRecordExist is less- by Test One {"id":48913,"name":""} 
[2021-11-01 15:55:09] local.INFO: Updated from middleware when isRecordExist is less- by Test One {"id":48914,"name":""} 
[2021-11-01 15:55:09] local.INFO: Updated from middleware when isRecordExist is less- by Test One {"id":48915,"name":""} 
[2021-11-01 15:55:09] local.INFO: Updated from middleware when isRecordExist is less- by Test One {"id":48916,"name":""} 
[2021-11-01 15:55:09] local.INFO: Updated from middleware when isRecordExist is less- by Test One {"id":48917,"name":""} 
[2021-11-01 15:55:09] local.INFO: Updated from middleware when isRecordExist is less- by Test One {"id":48918,"name":""} 
[2021-11-01 15:55:09] local.INFO: Updated from middleware when isRecordExist is less- by Test One {"id":48919,"name":""} 
[2021-11-01 15:55:09] local.INFO: Updated from middleware when isRecordExist is less- by Test One {"id":48920,"name":""} 
[2021-11-01 15:55:09] local.INFO: Updated from middleware when isRecordExist is less- by Test One {"id":48921,"name":""} 
[2021-11-01 15:55:09] local.INFO: Updated from middleware when isRecordExist is less- by Test One {"id":48922,"name":""} 
[2021-11-01 15:55:09] local.INFO: Updated from middleware when isRecordExist is less- by Test One {"id":48923,"name":""} 
[2021-11-01 15:55:09] local.INFO: Updated from middleware when isRecordExist is less- by Test One {"id":48924,"name":""} 
[2021-11-01 15:55:09] local.INFO: Updated from middleware when isRecordExist is less- by Test One {"id":48925,"name":""} 
[2021-11-01 15:55:09] local.INFO: Updated from middleware when isRecordExist is less- by Test One {"id":48926,"name":""} 
[2021-11-01 15:55:09] local.INFO: Updated from middleware when isRecordExist is less- by Test One {"id":48927,"name":""} 
[2021-11-01 15:55:09] local.INFO: Updated from middleware when isRecordExist is less- by Test One {"id":48928,"name":""} 
[2021-11-01 15:55:09] local.INFO: Updated from middleware when isRecordExist is less- by Test One {"id":48929,"name":""} 
[2021-11-01 15:55:09] local.INFO: Updated from middleware when isRecordExist is less- by Test One {"id":48930,"name":""} 
[2021-11-01 15:55:09] local.INFO: Updated from middleware when isRecordExist is less- by Test One {"id":48931,"name":""} 
[2021-11-01 15:55:09] local.INFO: Updated from middleware when isRecordExist is less- by Test One {"id":48932,"name":""} 
[2021-11-01 15:55:09] local.INFO: Updated from middleware when isRecordExist is less- by Test One {"id":48933,"name":""} 
[2021-11-01 15:55:09] local.INFO: Updated from middleware when isRecordExist is less- by Test One {"id":48934,"name":""} 
[2021-11-01 15:55:09] local.INFO: Updated from middleware when isRecordExist is less- by Test One {"id":48935,"name":""} 
[2021-11-01 15:55:09] local.INFO: Updated from middleware when isRecordExist is less- by Test One {"id":48936,"name":""} 
[2021-11-01 15:55:09] local.INFO: Updated from middleware when isRecordExist is less- by Test One {"id":48937,"name":""} 
[2021-11-01 15:55:09] local.INFO: Updated from middleware when isRecordExist is less- by Test One {"id":48938,"name":""} 
[2021-11-01 15:55:09] local.INFO: Updated from middleware when isRecordExist is less- by Test One {"id":48939,"name":""} 
[2021-11-01 15:55:09] local.INFO: Updated from middleware when isRecordExist is less- by Test One {"id":48940,"name":""} 
